<?xml version="1.0" encoding="utf-8"?>
<coverage line-rate="1" branch-rate="1" version="1.9" timestamp="1674784116" lines-covered="279" lines-valid="279" branches-covered="78" branches-valid="78">
  <sources>
    <source>C:\Users\pradeep.g_disprz\Desktop\final_check_api\DisprzTraining-main\DisprzTraining\</source>
  </sources>
  <packages>
    <package name="DisprzTraining" line-rate="1" branch-rate="1" complexity="101">
      <classes>
        <class name="Program" filename="Program.cs" line-rate="1" branch-rate="1" complexity="2">
          <methods>
            <method name="&lt;Main&gt;$" signature="(System.String[])" line-rate="1" branch-rate="1" complexity="2">
              <lines>
                <line number="5" hits="1" branch="False" />
                <line number="9" hits="1" branch="False" />
                <line number="10" hits="1" branch="False" />
                <line number="11" hits="1" branch="False" />
                <line number="12" hits="1" branch="False" />
                <line number="13" hits="1" branch="False" />
                <line number="14" hits="1" branch="False" />
                <line number="15" hits="1" branch="False" />
                <line number="16" hits="1" branch="False" />
                <line number="17" hits="2" branch="False" />
                <line number="18" hits="2" branch="False" />
                <line number="21" hits="1" branch="False" />
                <line number="22" hits="1" branch="False" />
                <line number="23" hits="1" branch="False" />
                <line number="24" hits="1" branch="False" />
                <line number="25" hits="1" branch="False" />
                <line number="26" hits="1" branch="False" />
                <line number="27" hits="2" branch="False" />
                <line number="29" hits="1" branch="False" />
                <line number="30" hits="1" branch="False" />
                <line number="31" hits="1" branch="False" />
                <line number="32" hits="1" branch="False" />
                <line number="33" hits="1" branch="False" />
                <line number="34" hits="1" branch="False" />
                <line number="35" hits="1" branch="False" />
                <line number="36" hits="1" branch="False" />
                <line number="37" hits="1" branch="False" />
                <line number="38" hits="1" branch="False" />
                <line number="41" hits="1" branch="False" />
                <line number="44" hits="1" branch="False" />
                <line number="47" hits="1" branch="True" condition-coverage="100% (2/2)">
                  <conditions>
                    <condition number="197" type="jump" coverage="100%" />
                  </conditions>
                </line>
                <line number="48" hits="1" branch="False" />
                <line number="49" hits="1" branch="False" />
                <line number="50" hits="1" branch="False" />
                <line number="51" hits="1" branch="False" />
                <line number="52" hits="1" branch="False" />
                <line number="53" hits="2" branch="False" />
                <line number="54" hits="1" branch="False" />
                <line number="58" hits="1" branch="False" />
                <line number="60" hits="1" branch="False" />
                <line number="61" hits="1" branch="False" />
                <line number="62" hits="1" branch="False" />
                <line number="64" hits="1" branch="False" />
              </lines>
            </method>
          </methods>
          <lines>
            <line number="5" hits="1" branch="False" />
            <line number="9" hits="1" branch="False" />
            <line number="10" hits="1" branch="False" />
            <line number="11" hits="1" branch="False" />
            <line number="12" hits="1" branch="False" />
            <line number="13" hits="1" branch="False" />
            <line number="14" hits="1" branch="False" />
            <line number="15" hits="1" branch="False" />
            <line number="16" hits="1" branch="False" />
            <line number="17" hits="2" branch="False" />
            <line number="18" hits="2" branch="False" />
            <line number="21" hits="1" branch="False" />
            <line number="22" hits="1" branch="False" />
            <line number="23" hits="1" branch="False" />
            <line number="24" hits="1" branch="False" />
            <line number="25" hits="1" branch="False" />
            <line number="26" hits="1" branch="False" />
            <line number="27" hits="2" branch="False" />
            <line number="29" hits="1" branch="False" />
            <line number="30" hits="1" branch="False" />
            <line number="31" hits="1" branch="False" />
            <line number="32" hits="1" branch="False" />
            <line number="33" hits="1" branch="False" />
            <line number="34" hits="1" branch="False" />
            <line number="35" hits="1" branch="False" />
            <line number="36" hits="1" branch="False" />
            <line number="37" hits="1" branch="False" />
            <line number="38" hits="1" branch="False" />
            <line number="41" hits="1" branch="False" />
            <line number="44" hits="1" branch="False" />
            <line number="47" hits="1" branch="True" condition-coverage="100% (2/2)">
              <conditions>
                <condition number="197" type="jump" coverage="100%" />
              </conditions>
            </line>
            <line number="48" hits="1" branch="False" />
            <line number="49" hits="1" branch="False" />
            <line number="50" hits="1" branch="False" />
            <line number="51" hits="1" branch="False" />
            <line number="52" hits="1" branch="False" />
            <line number="53" hits="2" branch="False" />
            <line number="54" hits="1" branch="False" />
            <line number="58" hits="1" branch="False" />
            <line number="60" hits="1" branch="False" />
            <line number="61" hits="1" branch="False" />
            <line number="62" hits="1" branch="False" />
            <line number="64" hits="1" branch="False" />
          </lines>
        </class>
        <class name="DisprzTraining.Utils.ConfigureDependenciesExtension" filename="Utils\ConfigureDependenciesExtension.cs" line-rate="1" branch-rate="1" complexity="1">
          <methods>
            <method name="ConfigureDependencyInjections" signature="(Microsoft.Extensions.DependencyInjection.IServiceCollection)" line-rate="1" branch-rate="1" complexity="1">
              <lines>
                <line number="9" hits="1" branch="False" />
                <line number="10" hits="1" branch="False" />
                <line number="11" hits="1" branch="False" />
                <line number="12" hits="1" branch="False" />
                <line number="14" hits="1" branch="False" />
              </lines>
            </method>
          </methods>
          <lines>
            <line number="9" hits="1" branch="False" />
            <line number="10" hits="1" branch="False" />
            <line number="11" hits="1" branch="False" />
            <line number="12" hits="1" branch="False" />
            <line number="14" hits="1" branch="False" />
          </lines>
        </class>
        <class name="DisprzTraining.Model.Appointment" filename="Model\Appointment.cs" line-rate="1" branch-rate="1" complexity="1">
          <methods>
            <method name="get_appointmentId" signature="()" line-rate="1" branch-rate="1" complexity="1">
              <lines>
                <line number="6" hits="1550" branch="False" />
              </lines>
            </method>
          </methods>
          <lines>
            <line number="6" hits="1550" branch="False" />
          </lines>
        </class>
        <class name="DisprzTraining.Model.AppointmentDTO" filename="Model\AppointmentDTO.cs" line-rate="1" branch-rate="1" complexity="4">
          <methods>
            <method name="get_appointmentStartTime" signature="()" line-rate="1" branch-rate="1" complexity="1">
              <lines>
                <line number="8" hits="1772" branch="False" />
              </lines>
            </method>
            <method name="get_appointmentEndTime" signature="()" line-rate="1" branch-rate="1" complexity="1">
              <lines>
                <line number="11" hits="1616" branch="False" />
              </lines>
            </method>
            <method name="get_appointmentTitle" signature="()" line-rate="1" branch-rate="1" complexity="1">
              <lines>
                <line number="14" hits="676" branch="False" />
              </lines>
            </method>
            <method name="get_appointmentDescription" signature="()" line-rate="1" branch-rate="1" complexity="1">
              <lines>
                <line number="16" hits="611" branch="False" />
              </lines>
            </method>
          </methods>
          <lines>
            <line number="8" hits="1772" branch="False" />
            <line number="11" hits="1616" branch="False" />
            <line number="14" hits="676" branch="False" />
            <line number="16" hits="611" branch="False" />
          </lines>
        </class>
        <class name="DisprzTraining.Model.NewAppointmentId" filename="Model\Result\ResponseModel.cs" line-rate="1" branch-rate="1" complexity="1">
          <methods>
            <method name="get_Id" signature="()" line-rate="1" branch-rate="1" complexity="1">
              <lines>
                <line number="6" hits="442" branch="False" />
              </lines>
            </method>
          </methods>
          <lines>
            <line number="6" hits="442" branch="False" />
          </lines>
        </class>
        <class name="DisprzTraining.Model.ErrorResponse" filename="Model\Result\ResponseModel.cs" line-rate="1" branch-rate="1" complexity="3">
          <methods>
            <method name="get_language" signature="()" line-rate="1" branch-rate="1" complexity="1">
              <lines>
                <line number="11" hits="47" branch="False" />
              </lines>
            </method>
            <method name="get_errorMessage" signature="()" line-rate="1" branch-rate="1" complexity="1">
              <lines>
                <line number="12" hits="47" branch="False" />
              </lines>
            </method>
            <method name="get_errorCode" signature="()" line-rate="1" branch-rate="1" complexity="1">
              <lines>
                <line number="13" hits="69" branch="False" />
              </lines>
            </method>
          </methods>
          <lines>
            <line number="11" hits="47" branch="False" />
            <line number="12" hits="47" branch="False" />
            <line number="13" hits="69" branch="False" />
          </lines>
        </class>
        <class name="DisprzTraining.Model.PaginatedAppointments" filename="Model\Result\ResponseModel.cs" line-rate="1" branch-rate="1" complexity="2">
          <methods>
            <method name="get_isTruncated" signature="()" line-rate="1" branch-rate="1" complexity="1">
              <lines>
                <line number="19" hits="116" branch="False" />
              </lines>
            </method>
            <method name="get_appointments" signature="()" line-rate="1" branch-rate="1" complexity="1">
              <lines>
                <line number="20" hits="167" branch="False" />
              </lines>
            </method>
          </methods>
          <lines>
            <line number="19" hits="116" branch="False" />
            <line number="20" hits="167" branch="False" />
          </lines>
        </class>
        <class name="DisprzTraining.Model.Result.AppointmentErrorResponse" filename="Model\Result\AppointmentErrorResponse.cs" line-rate="1" branch-rate="1" complexity="1">
          <methods>
            <method name=".cctor" signature="()" line-rate="1" branch-rate="1" complexity="1">
              <lines>
                <line number="5" hits="1" branch="False" />
                <line number="6" hits="1" branch="False" />
                <line number="7" hits="1" branch="False" />
                <line number="8" hits="1" branch="False" />
                <line number="9" hits="1" branch="False" />
                <line number="10" hits="1" branch="False" />
                <line number="11" hits="1" branch="False" />
                <line number="12" hits="1" branch="False" />
                <line number="13" hits="1" branch="False" />
                <line number="14" hits="1" branch="False" />
                <line number="15" hits="1" branch="False" />
                <line number="16" hits="1" branch="False" />
                <line number="18" hits="1" branch="False" />
                <line number="19" hits="1" branch="False" />
                <line number="20" hits="1" branch="False" />
                <line number="21" hits="1" branch="False" />
                <line number="22" hits="1" branch="False" />
                <line number="23" hits="1" branch="False" />
                <line number="25" hits="1" branch="False" />
                <line number="26" hits="1" branch="False" />
                <line number="27" hits="1" branch="False" />
                <line number="28" hits="1" branch="False" />
                <line number="29" hits="1" branch="False" />
                <line number="30" hits="1" branch="False" />
                <line number="32" hits="1" branch="False" />
                <line number="33" hits="1" branch="False" />
                <line number="34" hits="1" branch="False" />
                <line number="35" hits="1" branch="False" />
                <line number="36" hits="1" branch="False" />
                <line number="37" hits="1" branch="False" />
                <line number="38" hits="1" branch="False" />
                <line number="39" hits="1" branch="False" />
                <line number="40" hits="1" branch="False" />
                <line number="41" hits="1" branch="False" />
                <line number="42" hits="1" branch="False" />
                <line number="43" hits="1" branch="False" />
                <line number="45" hits="1" branch="False" />
                <line number="46" hits="1" branch="False" />
                <line number="47" hits="1" branch="False" />
                <line number="48" hits="1" branch="False" />
                <line number="49" hits="1" branch="False" />
                <line number="50" hits="1" branch="False" />
              </lines>
            </method>
          </methods>
          <lines>
            <line number="5" hits="1" branch="False" />
            <line number="6" hits="1" branch="False" />
            <line number="7" hits="1" branch="False" />
            <line number="8" hits="1" branch="False" />
            <line number="9" hits="1" branch="False" />
            <line number="10" hits="1" branch="False" />
            <line number="11" hits="1" branch="False" />
            <line number="12" hits="1" branch="False" />
            <line number="13" hits="1" branch="False" />
            <line number="14" hits="1" branch="False" />
            <line number="15" hits="1" branch="False" />
            <line number="16" hits="1" branch="False" />
            <line number="18" hits="1" branch="False" />
            <line number="19" hits="1" branch="False" />
            <line number="20" hits="1" branch="False" />
            <line number="21" hits="1" branch="False" />
            <line number="22" hits="1" branch="False" />
            <line number="23" hits="1" branch="False" />
            <line number="25" hits="1" branch="False" />
            <line number="26" hits="1" branch="False" />
            <line number="27" hits="1" branch="False" />
            <line number="28" hits="1" branch="False" />
            <line number="29" hits="1" branch="False" />
            <line number="30" hits="1" branch="False" />
            <line number="32" hits="1" branch="False" />
            <line number="33" hits="1" branch="False" />
            <line number="34" hits="1" branch="False" />
            <line number="35" hits="1" branch="False" />
            <line number="36" hits="1" branch="False" />
            <line number="37" hits="1" branch="False" />
            <line number="38" hits="1" branch="False" />
            <line number="39" hits="1" branch="False" />
            <line number="40" hits="1" branch="False" />
            <line number="41" hits="1" branch="False" />
            <line number="42" hits="1" branch="False" />
            <line number="43" hits="1" branch="False" />
            <line number="45" hits="1" branch="False" />
            <line number="46" hits="1" branch="False" />
            <line number="47" hits="1" branch="False" />
            <line number="48" hits="1" branch="False" />
            <line number="49" hits="1" branch="False" />
            <line number="50" hits="1" branch="False" />
          </lines>
        </class>
        <class name="DisprzTraining.Extensions.DateTimeExtension" filename="Extensions\DateTimeExtension.cs" line-rate="1" branch-rate="1" complexity="1">
          <methods>
            <method name="GetEndOfDay" signature="(System.DateTime)" line-rate="1" branch-rate="1" complexity="1">
              <lines>
                <line number="6" hits="55" branch="False" />
                <line number="7" hits="55" branch="False" />
                <line number="8" hits="55" branch="False" />
              </lines>
            </method>
          </methods>
          <lines>
            <line number="6" hits="55" branch="False" />
            <line number="7" hits="55" branch="False" />
            <line number="8" hits="55" branch="False" />
          </lines>
        </class>
        <class name="DisprzTraining.DataAccess.AppointmentDAL" filename="DataAccess\AppointmentDAL.cs" line-rate="1" branch-rate="1" complexity="46">
          <methods>
            <method name="GetAllAppointments" signature="(System.Int32,System.Int32,System.Nullable`1&lt;System.DateTime&gt;,System.Nullable`1&lt;System.DateTime&gt;,System.String)" line-rate="1" branch-rate="1" complexity="18">
              <lines>
                <line number="17" hits="20" branch="False" />
                <line number="18" hits="20" branch="False" />
                <line number="19" hits="155" branch="True" condition-coverage="100% (12/12)">
                  <conditions>
                    <condition number="11" type="jump" coverage="100%" />
                    <condition number="24" type="jump" coverage="100%" />
                    <condition number="56" type="jump" coverage="100%" />
                    <condition number="136" type="jump" coverage="100%" />
                    <condition number="171" type="jump" coverage="100%" />
                    <condition number="184" type="jump" coverage="100%" />
                  </conditions>
                </line>
                <line number="20" hits="155" branch="False" />
                <line number="21" hits="155" branch="False" />
                <line number="22" hits="155" branch="False" />
                <line number="23" hits="155" branch="False" />
                <line number="24" hits="155" branch="False" />
                <line number="25" hits="155" branch="False" />
                <line number="26" hits="155" branch="False" />
                <line number="27" hits="155" branch="False" />
                <line number="28" hits="75" branch="False" />
                <line number="29" hits="20" branch="False" />
                <line number="31" hits="20" branch="True" condition-coverage="100% (4/4)">
                  <conditions>
                    <condition number="100" type="jump" coverage="100%" />
                    <condition number="111" type="jump" coverage="100%" />
                  </conditions>
                </line>
                <line number="32" hits="13" branch="False" />
                <line number="33" hits="13" branch="False" />
                <line number="34" hits="13" branch="True" condition-coverage="100% (2/2)">
                  <conditions>
                    <condition number="163" type="jump" coverage="100%" />
                  </conditions>
                </line>
                <line number="35" hits="13" branch="False" />
                <line number="37" hits="7" branch="False" />
                <line number="38" hits="7" branch="False" />
                <line number="39" hits="7" branch="False" />
                <line number="40" hits="7" branch="False" />
                <line number="41" hits="20" branch="False" />
                <line number="42" hits="20" branch="False" />
              </lines>
            </method>
            <method name="AppointmentBinarySearch" signature="(System.Guid)" line-rate="1" branch-rate="1" complexity="6">
              <lines>
                <line number="45" hits="180" branch="False" />
                <line number="46" hits="360" branch="False" />
                <line number="47" hits="180" branch="False" />
                <line number="48" hits="694" branch="True" condition-coverage="100% (2/2)">
                  <conditions>
                    <condition number="98" type="jump" coverage="100%" />
                  </conditions>
                </line>
                <line number="49" hits="347" branch="False" />
                <line number="50" hits="347" branch="False" />
                <line number="51" hits="527" branch="True" condition-coverage="100% (2/2)">
                  <conditions>
                    <condition number="59" type="jump" coverage="100%" />
                  </conditions>
                </line>
                <line number="52" hits="180" branch="False" />
                <line number="53" hits="180" branch="False" />
                <line number="55" hits="224" branch="True" condition-coverage="100% (2/2)">
                  <conditions>
                    <condition number="75" type="jump" coverage="100%" />
                  </conditions>
                </line>
                <line number="56" hits="57" branch="False" />
                <line number="57" hits="57" branch="False" />
                <line number="58" hits="110" branch="False" />
                <line number="59" hits="110" branch="False" />
                <line number="60" hits="110" branch="False" />
                <line number="61" hits="167" branch="False" />
                <line number="62" hits="180" branch="False" />
                <line number="64" hits="180" branch="False" />
              </lines>
            </method>
            <method name="GetAppointmentById" signature="(System.Guid)" line-rate="1" branch-rate="1" complexity="4">
              <lines>
                <line number="67" hits="186" branch="False" />
                <line number="68" hits="186" branch="False" />
                <line number="69" hits="186" branch="True" condition-coverage="100% (2/2)">
                  <conditions>
                    <condition number="15" type="jump" coverage="100%" />
                  </conditions>
                </line>
                <line number="70" hits="180" branch="False" />
                <line number="71" hits="180" branch="False" />
                <line number="72" hits="180" branch="False" />
                <line number="73" hits="186" branch="True" condition-coverage="100% (2/2)">
                  <conditions>
                    <condition number="29" type="jump" coverage="100%" />
                  </conditions>
                </line>
                <line number="74" hits="186" branch="False" />
              </lines>
            </method>
            <method name="DeleteAppointment" signature="(System.Guid)" line-rate="1" branch-rate="1" complexity="2">
              <lines>
                <line number="77" hits="176" branch="False" />
                <line number="78" hits="176" branch="False" />
                <line number="79" hits="176" branch="True" condition-coverage="100% (2/2)">
                  <conditions>
                    <condition number="10" type="jump" coverage="100%" />
                  </conditions>
                </line>
                <line number="80" hits="176" branch="False" />
              </lines>
            </method>
            <method name="CheckAppointmentConflict" signature="(System.DateTime,System.DateTime,System.Collections.Generic.List`1&lt;DisprzTraining.Model.Appointment&gt;)" line-rate="1" branch-rate="1" complexity="4">
              <lines>
                <line number="84" hits="145" branch="False" />
                <line number="85" hits="145" branch="False" />
                <line number="86" hits="621" branch="True" condition-coverage="100% (2/2)">
                  <conditions>
                    <condition number="17" type="jump" coverage="100%" />
                  </conditions>
                </line>
                <line number="87" hits="145" branch="False" />
                <line number="88" hits="145" branch="True" condition-coverage="100% (2/2)">
                  <conditions>
                    <condition number="51" type="jump" coverage="100%" />
                  </conditions>
                </line>
                <line number="89" hits="145" branch="False" />
              </lines>
            </method>
            <method name="AddAppointment" signature="(DisprzTraining.Model.AppointmentDTO)" line-rate="1" branch-rate="1" complexity="4">
              <lines>
                <line number="93" hits="174" branch="False" />
                <line number="94" hits="174" branch="True" condition-coverage="100% (2/2)">
                  <conditions>
                    <condition number="11" type="jump" coverage="100%" />
                  </conditions>
                </line>
                <line number="95" hits="174" branch="False" />
                <line number="96" hits="174" branch="False" />
                <line number="97" hits="174" branch="True" condition-coverage="100% (2/2)">
                  <conditions>
                    <condition number="43" type="jump" coverage="100%" />
                  </conditions>
                </line>
                <line number="98" hits="172" branch="False" />
                <line number="99" hits="172" branch="False" />
                <line number="100" hits="172" branch="False" />
                <line number="101" hits="172" branch="False" />
                <line number="102" hits="172" branch="False" />
                <line number="103" hits="172" branch="False" />
                <line number="104" hits="172" branch="False" />
                <line number="105" hits="172" branch="False" />
                <line number="106" hits="172" branch="False" />
                <line number="107" hits="172" branch="False" />
                <line number="108" hits="960" branch="False" />
                <line number="109" hits="172" branch="False" />
                <line number="111" hits="2" branch="False" />
                <line number="112" hits="174" branch="False" />
              </lines>
            </method>
            <method name="UpdateAppointment" signature="(System.Guid,DisprzTraining.Model.AppointmentDTO)" line-rate="1" branch-rate="1" complexity="6">
              <lines>
                <line number="115" hits="6" branch="False" />
                <line number="116" hits="6" branch="False" />
                <line number="117" hits="6" branch="True" condition-coverage="100% (2/2)">
                  <conditions>
                    <condition number="33" type="jump" coverage="100%" />
                  </conditions>
                </line>
                <line number="118" hits="2" branch="False" />
                <line number="120" hits="4" branch="False" />
                <line number="121" hits="4" branch="False" />
                <line number="122" hits="7" branch="False" />
                <line number="123" hits="4" branch="False" />
                <line number="125" hits="4" branch="True" condition-coverage="100% (2/2)">
                  <conditions>
                    <condition number="88" type="jump" coverage="100%" />
                  </conditions>
                </line>
                <line number="126" hits="4" branch="False" />
                <line number="127" hits="4" branch="False" />
                <line number="129" hits="4" branch="True" condition-coverage="100% (2/2)">
                  <conditions>
                    <condition number="121" type="jump" coverage="100%" />
                  </conditions>
                </line>
                <line number="130" hits="2" branch="False" />
                <line number="131" hits="2" branch="False" />
                <line number="132" hits="2" branch="False" />
                <line number="133" hits="2" branch="False" />
                <line number="134" hits="2" branch="False" />
                <line number="135" hits="2" branch="False" />
                <line number="136" hits="2" branch="False" />
                <line number="137" hits="2" branch="False" />
                <line number="138" hits="2" branch="False" />
                <line number="139" hits="2" branch="False" />
                <line number="140" hits="2" branch="False" />
                <line number="141" hits="4" branch="False" />
                <line number="142" hits="2" branch="False" />
                <line number="144" hits="2" branch="False" />
                <line number="147" hits="6" branch="False" />
              </lines>
            </method>
            <method name=".ctor" signature="()" line-rate="1" branch-rate="1" complexity="1">
              <lines>
                <line number="11" hits="22" branch="False" />
              </lines>
            </method>
            <method name=".cctor" signature="()" line-rate="1" branch-rate="1" complexity="1">
              <lines>
                <line number="9" hits="1" branch="False" />
              </lines>
            </method>
          </methods>
          <lines>
            <line number="17" hits="20" branch="False" />
            <line number="18" hits="20" branch="False" />
            <line number="19" hits="155" branch="True" condition-coverage="100% (12/12)">
              <conditions>
                <condition number="11" type="jump" coverage="100%" />
                <condition number="24" type="jump" coverage="100%" />
                <condition number="56" type="jump" coverage="100%" />
                <condition number="136" type="jump" coverage="100%" />
                <condition number="171" type="jump" coverage="100%" />
                <condition number="184" type="jump" coverage="100%" />
              </conditions>
            </line>
            <line number="20" hits="155" branch="False" />
            <line number="21" hits="155" branch="False" />
            <line number="22" hits="155" branch="False" />
            <line number="23" hits="155" branch="False" />
            <line number="24" hits="155" branch="False" />
            <line number="25" hits="155" branch="False" />
            <line number="26" hits="155" branch="False" />
            <line number="27" hits="155" branch="False" />
            <line number="28" hits="75" branch="False" />
            <line number="29" hits="20" branch="False" />
            <line number="31" hits="20" branch="True" condition-coverage="100% (4/4)">
              <conditions>
                <condition number="100" type="jump" coverage="100%" />
                <condition number="111" type="jump" coverage="100%" />
              </conditions>
            </line>
            <line number="32" hits="13" branch="False" />
            <line number="33" hits="13" branch="False" />
            <line number="34" hits="13" branch="True" condition-coverage="100% (2/2)">
              <conditions>
                <condition number="163" type="jump" coverage="100%" />
              </conditions>
            </line>
            <line number="35" hits="13" branch="False" />
            <line number="37" hits="7" branch="False" />
            <line number="38" hits="7" branch="False" />
            <line number="39" hits="7" branch="False" />
            <line number="40" hits="7" branch="False" />
            <line number="41" hits="20" branch="False" />
            <line number="42" hits="20" branch="False" />
            <line number="45" hits="180" branch="False" />
            <line number="46" hits="360" branch="False" />
            <line number="47" hits="180" branch="False" />
            <line number="48" hits="694" branch="True" condition-coverage="100% (2/2)">
              <conditions>
                <condition number="98" type="jump" coverage="100%" />
              </conditions>
            </line>
            <line number="49" hits="347" branch="False" />
            <line number="50" hits="347" branch="False" />
            <line number="51" hits="527" branch="True" condition-coverage="100% (2/2)">
              <conditions>
                <condition number="59" type="jump" coverage="100%" />
              </conditions>
            </line>
            <line number="52" hits="180" branch="False" />
            <line number="53" hits="180" branch="False" />
            <line number="55" hits="224" branch="True" condition-coverage="100% (2/2)">
              <conditions>
                <condition number="75" type="jump" coverage="100%" />
              </conditions>
            </line>
            <line number="56" hits="57" branch="False" />
            <line number="57" hits="57" branch="False" />
            <line number="58" hits="110" branch="False" />
            <line number="59" hits="110" branch="False" />
            <line number="60" hits="110" branch="False" />
            <line number="61" hits="167" branch="False" />
            <line number="62" hits="180" branch="False" />
            <line number="64" hits="180" branch="False" />
            <line number="67" hits="186" branch="False" />
            <line number="68" hits="186" branch="False" />
            <line number="69" hits="186" branch="True" condition-coverage="100% (2/2)">
              <conditions>
                <condition number="15" type="jump" coverage="100%" />
              </conditions>
            </line>
            <line number="70" hits="180" branch="False" />
            <line number="71" hits="180" branch="False" />
            <line number="72" hits="180" branch="False" />
            <line number="73" hits="186" branch="True" condition-coverage="100% (2/2)">
              <conditions>
                <condition number="29" type="jump" coverage="100%" />
              </conditions>
            </line>
            <line number="74" hits="186" branch="False" />
            <line number="77" hits="176" branch="False" />
            <line number="78" hits="176" branch="False" />
            <line number="79" hits="176" branch="True" condition-coverage="100% (2/2)">
              <conditions>
                <condition number="10" type="jump" coverage="100%" />
              </conditions>
            </line>
            <line number="80" hits="176" branch="False" />
            <line number="84" hits="145" branch="False" />
            <line number="85" hits="145" branch="False" />
            <line number="86" hits="621" branch="True" condition-coverage="100% (2/2)">
              <conditions>
                <condition number="17" type="jump" coverage="100%" />
              </conditions>
            </line>
            <line number="87" hits="145" branch="False" />
            <line number="88" hits="145" branch="True" condition-coverage="100% (2/2)">
              <conditions>
                <condition number="51" type="jump" coverage="100%" />
              </conditions>
            </line>
            <line number="89" hits="145" branch="False" />
            <line number="93" hits="174" branch="False" />
            <line number="94" hits="174" branch="True" condition-coverage="100% (2/2)">
              <conditions>
                <condition number="11" type="jump" coverage="100%" />
              </conditions>
            </line>
            <line number="95" hits="174" branch="False" />
            <line number="96" hits="174" branch="False" />
            <line number="97" hits="174" branch="True" condition-coverage="100% (2/2)">
              <conditions>
                <condition number="43" type="jump" coverage="100%" />
              </conditions>
            </line>
            <line number="98" hits="172" branch="False" />
            <line number="99" hits="172" branch="False" />
            <line number="100" hits="172" branch="False" />
            <line number="101" hits="172" branch="False" />
            <line number="102" hits="172" branch="False" />
            <line number="103" hits="172" branch="False" />
            <line number="104" hits="172" branch="False" />
            <line number="105" hits="172" branch="False" />
            <line number="106" hits="172" branch="False" />
            <line number="107" hits="172" branch="False" />
            <line number="108" hits="960" branch="False" />
            <line number="109" hits="172" branch="False" />
            <line number="111" hits="2" branch="False" />
            <line number="112" hits="174" branch="False" />
            <line number="115" hits="6" branch="False" />
            <line number="116" hits="6" branch="False" />
            <line number="117" hits="6" branch="True" condition-coverage="100% (2/2)">
              <conditions>
                <condition number="33" type="jump" coverage="100%" />
              </conditions>
            </line>
            <line number="118" hits="2" branch="False" />
            <line number="120" hits="4" branch="False" />
            <line number="121" hits="4" branch="False" />
            <line number="122" hits="7" branch="False" />
            <line number="123" hits="4" branch="False" />
            <line number="125" hits="4" branch="True" condition-coverage="100% (2/2)">
              <conditions>
                <condition number="88" type="jump" coverage="100%" />
              </conditions>
            </line>
            <line number="126" hits="4" branch="False" />
            <line number="127" hits="4" branch="False" />
            <line number="129" hits="4" branch="True" condition-coverage="100% (2/2)">
              <conditions>
                <condition number="121" type="jump" coverage="100%" />
              </conditions>
            </line>
            <line number="130" hits="2" branch="False" />
            <line number="131" hits="2" branch="False" />
            <line number="132" hits="2" branch="False" />
            <line number="133" hits="2" branch="False" />
            <line number="134" hits="2" branch="False" />
            <line number="135" hits="2" branch="False" />
            <line number="136" hits="2" branch="False" />
            <line number="137" hits="2" branch="False" />
            <line number="138" hits="2" branch="False" />
            <line number="139" hits="2" branch="False" />
            <line number="140" hits="2" branch="False" />
            <line number="141" hits="4" branch="False" />
            <line number="142" hits="2" branch="False" />
            <line number="144" hits="2" branch="False" />
            <line number="147" hits="6" branch="False" />
            <line number="11" hits="22" branch="False" />
            <line number="9" hits="1" branch="False" />
          </lines>
        </class>
        <class name="DisprzTraining.CustomException.InputErrorException" filename="CustomException\InputErrorException.cs" line-rate="1" branch-rate="1" complexity="2">
          <methods>
            <method name="get_InputError" signature="()" line-rate="1" branch-rate="1" complexity="1">
              <lines>
                <line number="8" hits="44" branch="False" />
              </lines>
            </method>
            <method name=".ctor" signature="(DisprzTraining.Model.ErrorResponse)" line-rate="1" branch-rate="1" complexity="1">
              <lines>
                <line number="9" hits="22" branch="False" />
                <line number="10" hits="22" branch="False" />
                <line number="11" hits="22" branch="False" />
                <line number="12" hits="22" branch="False" />
              </lines>
            </method>
          </methods>
          <lines>
            <line number="8" hits="44" branch="False" />
            <line number="9" hits="22" branch="False" />
            <line number="10" hits="22" branch="False" />
            <line number="11" hits="22" branch="False" />
            <line number="12" hits="22" branch="False" />
          </lines>
        </class>
        <class name="DisprzTraining.Controllers.AppointmentsController" filename="Controllers\AppointmentsController.cs" line-rate="1" branch-rate="1" complexity="12">
          <methods>
            <method name="GetAllAppointments" signature="(System.Int32,System.Int32,System.Nullable`1&lt;System.DateTime&gt;,System.Nullable`1&lt;System.DateTime&gt;,System.String)" line-rate="1" branch-rate="1" complexity="1">
              <lines>
                <line number="35" hits="18" branch="False" />
                <line number="36" hits="18" branch="False" />
                <line number="37" hits="18" branch="False" />
                <line number="38" hits="18" branch="False" />
              </lines>
            </method>
            <method name="GetappointmentById" signature="(System.Guid)" line-rate="1" branch-rate="1" complexity="2">
              <lines>
                <line number="56" hits="4" branch="False" />
                <line number="57" hits="4" branch="False" />
                <line number="58" hits="4" branch="True" condition-coverage="100% (2/2)">
                  <conditions>
                    <condition number="15" type="jump" coverage="100%" />
                  </conditions>
                </line>
                <line number="59" hits="4" branch="False" />
              </lines>
            </method>
            <method name="AddAppointment" signature="(DisprzTraining.Model.AppointmentDTO)" line-rate="1" branch-rate="1" complexity="2">
              <lines>
                <line number="85" hits="52" branch="False" />
                <line number="87" hits="52" branch="False" />
                <line number="88" hits="52" branch="False" />
                <line number="89" hits="45" branch="True" condition-coverage="100% (2/2)">
                  <conditions>
                    <condition number="16" type="jump" coverage="100%" />
                  </conditions>
                </line>
                <line number="91" hits="7" branch="False" />
                <line number="92" hits="7" branch="False" />
                <line number="93" hits="7" branch="False" />
                <line number="95" hits="52" branch="False" />
              </lines>
            </method>
            <method name="DeleteAppointment" signature="(System.Guid)" line-rate="1" branch-rate="1" complexity="2">
              <lines>
                <line number="114" hits="45" branch="False" />
                <line number="115" hits="45" branch="False" />
                <line number="116" hits="45" branch="True" condition-coverage="100% (2/2)">
                  <conditions>
                    <condition number="15" type="jump" coverage="100%" />
                  </conditions>
                </line>
                <line number="117" hits="45" branch="False" />
              </lines>
            </method>
            <method name="UpdateAppointment" signature="(System.Guid,DisprzTraining.Model.AppointmentDTO)" line-rate="1" branch-rate="1" complexity="4">
              <lines>
                <line number="145" hits="13" branch="False" />
                <line number="147" hits="13" branch="False" />
                <line number="148" hits="13" branch="False" />
                <line number="149" hits="6" branch="True" condition-coverage="100% (4/4)">
                  <conditions>
                    <condition number="23" type="jump" coverage="100%" />
                    <condition number="60" type="jump" coverage="100%" />
                  </conditions>
                </line>
                <line number="151" hits="7" branch="False" />
                <line number="152" hits="7" branch="False" />
                <line number="153" hits="7" branch="False" />
                <line number="155" hits="13" branch="False" />
              </lines>
            </method>
            <method name=".ctor" signature="(DisprzTraining.Business.IAppointmentBL)" line-rate="1" branch-rate="1" complexity="1">
              <lines>
                <line number="15" hits="133" branch="False" />
                <line number="16" hits="133" branch="False" />
                <line number="17" hits="133" branch="False" />
                <line number="18" hits="133" branch="False" />
              </lines>
            </method>
          </methods>
          <lines>
            <line number="35" hits="18" branch="False" />
            <line number="36" hits="18" branch="False" />
            <line number="37" hits="18" branch="False" />
            <line number="38" hits="18" branch="False" />
            <line number="56" hits="4" branch="False" />
            <line number="57" hits="4" branch="False" />
            <line number="58" hits="4" branch="True" condition-coverage="100% (2/2)">
              <conditions>
                <condition number="15" type="jump" coverage="100%" />
              </conditions>
            </line>
            <line number="59" hits="4" branch="False" />
            <line number="85" hits="52" branch="False" />
            <line number="87" hits="52" branch="False" />
            <line number="88" hits="52" branch="False" />
            <line number="89" hits="45" branch="True" condition-coverage="100% (2/2)">
              <conditions>
                <condition number="16" type="jump" coverage="100%" />
              </conditions>
            </line>
            <line number="91" hits="7" branch="False" />
            <line number="92" hits="7" branch="False" />
            <line number="93" hits="7" branch="False" />
            <line number="95" hits="52" branch="False" />
            <line number="114" hits="45" branch="False" />
            <line number="115" hits="45" branch="False" />
            <line number="116" hits="45" branch="True" condition-coverage="100% (2/2)">
              <conditions>
                <condition number="15" type="jump" coverage="100%" />
              </conditions>
            </line>
            <line number="117" hits="45" branch="False" />
            <line number="145" hits="13" branch="False" />
            <line number="147" hits="13" branch="False" />
            <line number="148" hits="13" branch="False" />
            <line number="149" hits="6" branch="True" condition-coverage="100% (4/4)">
              <conditions>
                <condition number="23" type="jump" coverage="100%" />
                <condition number="60" type="jump" coverage="100%" />
              </conditions>
            </line>
            <line number="151" hits="7" branch="False" />
            <line number="152" hits="7" branch="False" />
            <line number="153" hits="7" branch="False" />
            <line number="155" hits="13" branch="False" />
            <line number="15" hits="133" branch="False" />
            <line number="16" hits="133" branch="False" />
            <line number="17" hits="133" branch="False" />
            <line number="18" hits="133" branch="False" />
          </lines>
        </class>
        <class name="DisprzTraining.Business.AppointmentBL" filename="Business\AppointmentBL.cs" line-rate="1" branch-rate="1" complexity="25">
          <methods>
            <method name="GetAllAppointments" signature="(System.Int32,System.Int32,System.Nullable`1&lt;System.DateTime&gt;,System.Nullable`1&lt;System.DateTime&gt;,System.String)" line-rate="1" branch-rate="1" complexity="1">
              <lines>
                <line number="20" hits="18" branch="False" />
                <line number="21" hits="18" branch="False" />
                <line number="22" hits="18" branch="False" />
              </lines>
            </method>
            <method name="GetAppointmentById" signature="(System.Guid)" line-rate="1" branch-rate="1" complexity="2">
              <lines>
                <line number="26" hits="4" branch="False" />
                <line number="27" hits="4" branch="False" />
                <line number="28" hits="4" branch="True" condition-coverage="100% (2/2)">
                  <conditions>
                    <condition number="15" type="jump" coverage="100%" />
                  </conditions>
                </line>
                <line number="29" hits="4" branch="False" />
              </lines>
            </method>
            <method name="AddAppointment" signature="(DisprzTraining.Model.AppointmentDTO)" line-rate="1" branch-rate="1" complexity="8">
              <lines>
                <line number="34" hits="52" branch="False" />
                <line number="35" hits="54" branch="True" condition-coverage="100% (2/2)">
                  <conditions>
                    <condition number="20" type="jump" coverage="100%" />
                  </conditions>
                </line>
                <line number="36" hits="51" branch="True" condition-coverage="100% (2/2)">
                  <conditions>
                    <condition number="52" type="jump" coverage="100%" />
                  </conditions>
                </line>
                <line number="37" hits="51" branch="True" condition-coverage="100% (2/2)">
                  <conditions>
                    <condition number="83" type="jump" coverage="100%" />
                  </conditions>
                </line>
                <line number="38" hits="49" branch="True" condition-coverage="100% (2/2)">
                  <conditions>
                    <condition number="129" type="jump" coverage="100%" />
                  </conditions>
                </line>
                <line number="40" hits="45" branch="False" />
                <line number="41" hits="45" branch="False" />
              </lines>
            </method>
            <method name="DeleteAppointment" signature="(System.Guid)" line-rate="1" branch-rate="1" complexity="1">
              <lines>
                <line number="45" hits="45" branch="False" />
                <line number="46" hits="45" branch="False" />
                <line number="47" hits="45" branch="False" />
              </lines>
            </method>
            <method name="UpdateAppointment" signature="(System.Guid,DisprzTraining.Model.AppointmentDTO)" line-rate="1" branch-rate="1" complexity="12">
              <lines>
                <line number="51" hits="13" branch="False" />
                <line number="52" hits="15" branch="True" condition-coverage="100% (2/2)">
                  <conditions>
                    <condition number="20" type="jump" coverage="100%" />
                  </conditions>
                </line>
                <line number="53" hits="12" branch="True" condition-coverage="100% (2/2)">
                  <conditions>
                    <condition number="52" type="jump" coverage="100%" />
                  </conditions>
                </line>
                <line number="54" hits="12" branch="True" condition-coverage="100% (2/2)">
                  <conditions>
                    <condition number="83" type="jump" coverage="100%" />
                  </conditions>
                </line>
                <line number="55" hits="10" branch="True" condition-coverage="100% (2/2)">
                  <conditions>
                    <condition number="129" type="jump" coverage="100%" />
                  </conditions>
                </line>
                <line number="57" hits="6" branch="False" />
                <line number="58" hits="6" branch="False" />
                <line number="59" hits="6" branch="True" condition-coverage="100% (4/4)">
                  <conditions>
                    <condition number="165" type="jump" coverage="100%" />
                    <condition number="205" type="jump" coverage="100%" />
                  </conditions>
                </line>
                <line number="61" hits="6" branch="False" />
              </lines>
            </method>
            <method name=".ctor" signature="(DisprzTraining.DataAccess.IAppointmentDAL)" line-rate="1" branch-rate="1" complexity="1">
              <lines>
                <line number="13" hits="31" branch="False" />
                <line number="14" hits="31" branch="False" />
                <line number="15" hits="31" branch="False" />
                <line number="16" hits="31" branch="False" />
              </lines>
            </method>
          </methods>
          <lines>
            <line number="20" hits="18" branch="False" />
            <line number="21" hits="18" branch="False" />
            <line number="22" hits="18" branch="False" />
            <line number="26" hits="4" branch="False" />
            <line number="27" hits="4" branch="False" />
            <line number="28" hits="4" branch="True" condition-coverage="100% (2/2)">
              <conditions>
                <condition number="15" type="jump" coverage="100%" />
              </conditions>
            </line>
            <line number="29" hits="4" branch="False" />
            <line number="34" hits="52" branch="False" />
            <line number="35" hits="54" branch="True" condition-coverage="100% (2/2)">
              <conditions>
                <condition number="20" type="jump" coverage="100%" />
              </conditions>
            </line>
            <line number="36" hits="51" branch="True" condition-coverage="100% (2/2)">
              <conditions>
                <condition number="52" type="jump" coverage="100%" />
              </conditions>
            </line>
            <line number="37" hits="51" branch="True" condition-coverage="100% (2/2)">
              <conditions>
                <condition number="83" type="jump" coverage="100%" />
              </conditions>
            </line>
            <line number="38" hits="49" branch="True" condition-coverage="100% (2/2)">
              <conditions>
                <condition number="129" type="jump" coverage="100%" />
              </conditions>
            </line>
            <line number="40" hits="45" branch="False" />
            <line number="41" hits="45" branch="False" />
            <line number="45" hits="45" branch="False" />
            <line number="46" hits="45" branch="False" />
            <line number="47" hits="45" branch="False" />
            <line number="51" hits="13" branch="False" />
            <line number="52" hits="15" branch="True" condition-coverage="100% (2/2)">
              <conditions>
                <condition number="20" type="jump" coverage="100%" />
              </conditions>
            </line>
            <line number="53" hits="12" branch="True" condition-coverage="100% (2/2)">
              <conditions>
                <condition number="52" type="jump" coverage="100%" />
              </conditions>
            </line>
            <line number="54" hits="12" branch="True" condition-coverage="100% (2/2)">
              <conditions>
                <condition number="83" type="jump" coverage="100%" />
              </conditions>
            </line>
            <line number="55" hits="10" branch="True" condition-coverage="100% (2/2)">
              <conditions>
                <condition number="129" type="jump" coverage="100%" />
              </conditions>
            </line>
            <line number="57" hits="6" branch="False" />
            <line number="58" hits="6" branch="False" />
            <line number="59" hits="6" branch="True" condition-coverage="100% (4/4)">
              <conditions>
                <condition number="165" type="jump" coverage="100%" />
                <condition number="205" type="jump" coverage="100%" />
              </conditions>
            </line>
            <line number="61" hits="6" branch="False" />
            <line number="13" hits="31" branch="False" />
            <line number="14" hits="31" branch="False" />
            <line number="15" hits="31" branch="False" />
            <line number="16" hits="31" branch="False" />
          </lines>
        </class>
      </classes>
    </package>
  </packages>
</coverage>